<?xml version="1.0" encoding="UTF-8"?>
<coverage generated="1663004740567" clover="3.2.0">
  <project timestamp="1663004740567" name="All files">
    <metrics statements="155" coveredstatements="139" conditionals="41" coveredconditionals="36" methods="46" coveredmethods="37" elements="242" coveredelements="212" complexity="0" loc="155" ncloc="155" packages="4" files="12" classes="12"/>
    <package name="Stargazers_viewer">
      <metrics statements="2" coveredstatements="1" conditionals="0" coveredconditionals="0" methods="1" coveredmethods="0"/>
      <file name="App.js" path="/home/forrest/Documents/code/Stargazers_viewer/App.js">
        <metrics statements="2" coveredstatements="1" conditionals="0" coveredconditionals="0" methods="1" coveredmethods="0"/>
        <line num="8" count="1" type="stmt"/>
        <line num="11" count="0" type="stmt"/>
      </file>
    </package>
    <package name="Stargazers_viewer.components">
      <metrics statements="27" coveredstatements="25" conditionals="4" coveredconditionals="4" methods="12" coveredmethods="8"/>
      <file name="AnimatedButton.js" path="/home/forrest/Documents/code/Stargazers_viewer/components/AnimatedButton.js">
        <metrics statements="12" coveredstatements="10" conditionals="1" coveredconditionals="1" methods="4" coveredmethods="2"/>
        <line num="10" count="63" type="stmt"/>
        <line num="11" count="63" type="stmt"/>
        <line num="12" count="63" type="stmt"/>
        <line num="13" count="63" type="stmt"/>
        <line num="16" count="63" type="stmt"/>
        <line num="17" count="0" type="stmt"/>
        <line num="23" count="63" type="stmt"/>
        <line num="24" count="0" type="stmt"/>
        <line num="30" count="63" type="stmt"/>
        <line num="31" count="5" type="stmt"/>
        <line num="37" count="5" type="stmt"/>
        <line num="39" count="63" type="stmt"/>
      </file>
      <file name="GazerCard.js" path="/home/forrest/Documents/code/Stargazers_viewer/components/GazerCard.js">
        <metrics statements="2" coveredstatements="2" conditionals="0" coveredconditionals="0" methods="1" coveredmethods="1"/>
        <line num="6" count="23" type="stmt"/>
        <line num="13" count="3" type="stmt"/>
      </file>
      <file name="NavBar.js" path="/home/forrest/Documents/code/Stargazers_viewer/components/NavBar.js">
        <metrics statements="9" coveredstatements="9" conditionals="3" coveredconditionals="3" methods="5" coveredmethods="3"/>
        <line num="8" count="5" type="stmt"/>
        <line num="9" count="5" type="stmt"/>
        <line num="10" count="18" type="stmt"/>
        <line num="14" count="5" type="stmt"/>
        <line num="15" count="15" type="stmt"/>
        <line num="20" count="18" type="stmt"/>
        <line num="21" count="18" type="stmt"/>
        <line num="22" count="18" type="stmt"/>
        <line num="40" count="5" type="stmt"/>
      </file>
      <file name="NoGazers.js" path="/home/forrest/Documents/code/Stargazers_viewer/components/NoGazers.js">
        <metrics statements="2" coveredstatements="2" conditionals="0" coveredconditionals="0" methods="1" coveredmethods="1"/>
        <line num="6" count="3" type="stmt"/>
        <line num="11" count="3" type="stmt"/>
      </file>
      <file name="RecentsCard.js" path="/home/forrest/Documents/code/Stargazers_viewer/components/RecentsCard.js">
        <metrics statements="2" coveredstatements="2" conditionals="0" coveredconditionals="0" methods="1" coveredmethods="1"/>
        <line num="6" count="12" type="stmt"/>
        <line num="12" count="3" type="stmt"/>
      </file>
    </package>
    <package name="Stargazers_viewer.pages">
      <metrics statements="77" coveredstatements="71" conditionals="26" coveredconditionals="21" methods="26" coveredmethods="23"/>
      <file name="Gazers.js" path="/home/forrest/Documents/code/Stargazers_viewer/pages/Gazers.js">
        <metrics statements="22" coveredstatements="18" conditionals="12" coveredconditionals="8" methods="8" coveredmethods="6"/>
        <line num="11" count="2" type="stmt"/>
        <line num="12" count="18" type="stmt"/>
        <line num="17" count="8" type="stmt"/>
        <line num="18" count="8" type="stmt"/>
        <line num="19" count="8" type="stmt"/>
        <line num="21" count="8" type="stmt"/>
        <line num="22" count="4" type="stmt"/>
        <line num="23" count="4" type="stmt"/>
        <line num="24" count="4" type="stmt"/>
        <line num="25" count="4" type="cond" truecount="0" falsecount="2"/>
        <line num="26" count="0" type="stmt"/>
        <line num="27" count="0" type="stmt"/>
        <line num="29" count="0" type="stmt"/>
        <line num="32" count="4" type="stmt"/>
        <line num="36" count="8" type="stmt"/>
        <line num="38" count="4" type="cond" truecount="2" falsecount="0"/>
        <line num="41" count="8" type="stmt"/>
        <line num="42" count="0" type="cond" truecount="0" falsecount="2"/>
        <line num="45" count="8" type="stmt"/>
        <line num="46" count="6" type="cond" truecount="2" falsecount="0"/>
        <line num="48" count="8" type="stmt"/>
        <line num="61" count="18" type="stmt"/>
      </file>
      <file name="Home.js" path="/home/forrest/Documents/code/Stargazers_viewer/pages/Home.js">
        <metrics statements="31" coveredstatements="29" conditionals="8" coveredconditionals="7" methods="10" coveredmethods="9"/>
        <line num="17" count="2" type="stmt"/>
        <line num="18" count="8" type="stmt"/>
        <line num="23" count="2" type="stmt"/>
        <line num="24" count="8" type="stmt"/>
        <line num="31" count="9" type="stmt"/>
        <line num="32" count="9" type="stmt"/>
        <line num="33" count="9" type="stmt"/>
        <line num="35" count="9" type="stmt"/>
        <line num="36" count="1" type="stmt"/>
        <line num="37" count="1" type="stmt"/>
        <line num="38" count="1" type="stmt"/>
        <line num="39" count="1" type="stmt"/>
        <line num="40" count="1" type="stmt"/>
        <line num="41" count="1" type="stmt"/>
        <line num="43" count="1" type="stmt"/>
        <line num="44" count="1" type="stmt"/>
        <line num="48" count="9" type="stmt"/>
        <line num="49" count="2" type="stmt"/>
        <line num="50" count="2" type="cond" truecount="1" falsecount="1"/>
        <line num="51" count="0" type="stmt"/>
        <line num="53" count="1" type="stmt"/>
        <line num="60" count="9" type="stmt"/>
        <line num="61" count="1" type="cond" truecount="2" falsecount="0"/>
        <line num="63" count="9" type="cond" truecount="2" falsecount="0"/>
        <line num="65" count="9" type="stmt"/>
        <line num="73" count="9" type="stmt"/>
        <line num="75" count="9" type="stmt"/>
        <line num="88" count="1" type="stmt"/>
        <line num="89" count="0" type="stmt"/>
        <line num="95" count="1" type="stmt"/>
        <line num="117" count="2" type="stmt"/>
      </file>
      <file name="Recents.js" path="/home/forrest/Documents/code/Stargazers_viewer/pages/Recents.js">
        <metrics statements="17" coveredstatements="17" conditionals="4" coveredconditionals="4" methods="5" coveredmethods="5"/>
        <line num="12" count="6" type="stmt"/>
        <line num="13" count="6" type="stmt"/>
        <line num="15" count="6" type="stmt"/>
        <line num="16" count="1" type="stmt"/>
        <line num="17" count="1" type="stmt"/>
        <line num="18" count="1" type="stmt"/>
        <line num="19" count="1" type="stmt"/>
        <line num="20" count="1" type="stmt"/>
        <line num="21" count="1" type="stmt"/>
        <line num="23" count="1" type="stmt"/>
        <line num="24" count="1" type="stmt"/>
        <line num="28" count="6" type="stmt"/>
        <line num="29" count="10" type="cond" truecount="2" falsecount="0"/>
        <line num="30" count="10" type="stmt"/>
        <line num="31" count="10" type="stmt"/>
        <line num="34" count="6" type="stmt"/>
        <line num="45" count="10" type="stmt"/>
      </file>
      <file name="Settings.js" path="/home/forrest/Documents/code/Stargazers_viewer/pages/Settings.js">
        <metrics statements="7" coveredstatements="7" conditionals="2" coveredconditionals="2" methods="3" coveredmethods="3"/>
        <line num="9" count="2" type="stmt"/>
        <line num="10" count="2" type="stmt"/>
        <line num="17" count="2" type="stmt"/>
        <line num="18" count="1" type="stmt"/>
        <line num="19" count="1" type="stmt"/>
        <line num="21" count="2" type="stmt"/>
        <line num="43" count="2" type="stmt"/>
      </file>
    </package>
    <package name="Stargazers_viewer.sharedLogic">
      <metrics statements="49" coveredstatements="42" conditionals="11" coveredconditionals="11" methods="7" coveredmethods="6"/>
      <file name="apiManager.js" path="/home/forrest/Documents/code/Stargazers_viewer/sharedLogic/apiManager.js">
        <metrics statements="23" coveredstatements="19" conditionals="7" coveredconditionals="7" methods="4" coveredmethods="3"/>
        <line num="4" count="2" type="stmt"/>
        <line num="6" count="2" type="stmt"/>
        <line num="7" count="6" type="stmt"/>
        <line num="8" count="2" type="stmt"/>
        <line num="11" count="2" type="stmt"/>
        <line num="12" count="0" type="stmt"/>
        <line num="13" count="0" type="stmt"/>
        <line num="16" count="0" type="stmt"/>
        <line num="18" count="0" type="stmt"/>
        <line num="22" count="2" type="stmt"/>
        <line num="23" count="5" type="cond" truecount="2" falsecount="0"/>
        <line num="24" count="5" type="cond" truecount="2" falsecount="0"/>
        <line num="25" count="4" type="stmt"/>
        <line num="26" count="4" type="stmt"/>
        <line num="27" count="1" type="stmt"/>
        <line num="28" count="1" type="stmt"/>
        <line num="30" count="3" type="stmt"/>
        <line num="33" count="1" type="stmt"/>
        <line num="37" count="2" type="stmt"/>
        <line num="38" count="3" type="cond" truecount="3" falsecount="0"/>
        <line num="40" count="1" type="stmt"/>
        <line num="42" count="1" type="stmt"/>
        <line num="44" count="1" type="stmt"/>
      </file>
      <file name="asyncStorageManager.js" path="/home/forrest/Documents/code/Stargazers_viewer/sharedLogic/asyncStorageManager.js">
        <metrics statements="26" coveredstatements="23" conditionals="4" coveredconditionals="4" methods="3" coveredmethods="3"/>
        <line num="3" count="2" type="stmt"/>
        <line num="4" count="5" type="stmt"/>
        <line num="5" count="5" type="stmt"/>
        <line num="6" count="5" type="stmt"/>
        <line num="7" count="5" type="cond" truecount="2" falsecount="0"/>
        <line num="8" count="3" type="stmt"/>
        <line num="9" count="3" type="stmt"/>
        <line num="10" count="3" type="stmt"/>
        <line num="11" count="3" type="stmt"/>
        <line num="13" count="2" type="stmt"/>
        <line num="16" count="0" type="stmt"/>
        <line num="20" count="2" type="stmt"/>
        <line num="21" count="6" type="stmt"/>
        <line num="22" count="6" type="stmt"/>
        <line num="23" count="6" type="stmt"/>
        <line num="24" count="6" type="cond" truecount="2" falsecount="0"/>
        <line num="25" count="3" type="stmt"/>
        <line num="27" count="3" type="stmt"/>
        <line num="30" count="0" type="stmt"/>
        <line num="33" count="2" type="stmt"/>
        <line num="34" count="1" type="stmt"/>
        <line num="35" count="1" type="stmt"/>
        <line num="37" count="1" type="stmt"/>
        <line num="38" count="1" type="stmt"/>
        <line num="39" count="1" type="stmt"/>
        <line num="41" count="0" type="stmt"/>
      </file>
    </package>
  </project>
</coverage>
