{"/home/forrest/Documents/code/Stargazers_viewer/App.js": {"path":"/home/forrest/Documents/code/Stargazers_viewer/App.js","statementMap":{"0":{"start":{"line":8,"column":14},"end":{"line":8,"column":42}},"1":{"start":{"line":11,"column":2},"end":{"line":44,"column":3}}},"fnMap":{"0":{"name":"App","decl":{"start":{"line":10,"column":24},"end":{"line":10,"column":27}},"loc":{"start":{"line":10,"column":30},"end":{"line":45,"column":1}},"line":10}},"branchMap":{},"s":{"0":1,"1":0},"f":{"0":0},"b":{},"_coverageSchema":"1a1c01bbd47fc00a2c39e90264f33305004495a9","hash":"603605751485ab8145419ee532b997f8eb3a6d93"}
,"/home/forrest/Documents/code/Stargazers_viewer/components/animatedButton.js": {"path":"/home/forrest/Documents/code/Stargazers_viewer/components/animatedButton.js","statementMap":{"0":{"start":{"line":8,"column":20},"end":{"line":8,"column":41}},"1":{"start":{"line":9,"column":21},"end":{"line":9,"column":27}},"2":{"start":{"line":10,"column":22},"end":{"line":10,"column":31}},"3":{"start":{"line":11,"column":16},"end":{"line":11,"column":66}},"4":{"start":{"line":13,"column":20},"end":{"line":20,"column":3}},"5":{"start":{"line":14,"column":4},"end":{"line":19,"column":14}},"6":{"start":{"line":21,"column":21},"end":{"line":28,"column":3}},"7":{"start":{"line":22,"column":4},"end":{"line":27,"column":14}},"8":{"start":{"line":29,"column":18},"end":{"line":38,"column":3}},"9":{"start":{"line":30,"column":4},"end":{"line":36,"column":14}},"10":{"start":{"line":37,"column":4},"end":{"line":37,"column":19}},"11":{"start":{"line":39,"column":2},"end":{"line":51,"column":3}}},"fnMap":{"0":{"name":"(anonymous_0)","decl":{"start":{"line":3,"column":32},"end":{"line":3,"column":33}},"loc":{"start":{"line":7,"column":6},"end":{"line":52,"column":1}},"line":7},"1":{"name":"(anonymous_1)","decl":{"start":{"line":13,"column":20},"end":{"line":13,"column":21}},"loc":{"start":{"line":13,"column":26},"end":{"line":20,"column":3}},"line":13},"2":{"name":"(anonymous_2)","decl":{"start":{"line":21,"column":21},"end":{"line":21,"column":22}},"loc":{"start":{"line":21,"column":27},"end":{"line":28,"column":3}},"line":21},"3":{"name":"(anonymous_3)","decl":{"start":{"line":29,"column":18},"end":{"line":29,"column":19}},"loc":{"start":{"line":29,"column":24},"end":{"line":38,"column":3}},"line":29}},"branchMap":{"0":{"loc":{"start":{"line":6,"column":2},"end":{"line":6,"column":16}},"type":"default-arg","locations":[{"start":{"line":6,"column":10},"end":{"line":6,"column":16}}],"line":6}},"s":{"0":39,"1":39,"2":39,"3":39,"4":39,"5":0,"6":39,"7":0,"8":39,"9":4,"10":4,"11":39},"f":{"0":39,"1":0,"2":0,"3":4},"b":{"0":[21]},"_coverageSchema":"1a1c01bbd47fc00a2c39e90264f33305004495a9","hash":"45ebadb75c7563afd084759dcb3ceae488bb0671"}
,"/home/forrest/Documents/code/Stargazers_viewer/components/gazerCard.js": {"path":"/home/forrest/Documents/code/Stargazers_viewer/components/gazerCard.js","statementMap":{"0":{"start":{"line":4,"column":2},"end":{"line":11,"column":3}}},"fnMap":{"0":{"name":"(anonymous_0)","decl":{"start":{"line":3,"column":27},"end":{"line":3,"column":28}},"loc":{"start":{"line":3,"column":50},"end":{"line":12,"column":1}},"line":3}},"branchMap":{},"s":{"0":8},"f":{"0":8},"b":{},"_coverageSchema":"1a1c01bbd47fc00a2c39e90264f33305004495a9","hash":"eb47d32ce553d6b8dbd0090eff4dc057e0e32258"}
,"/home/forrest/Documents/code/Stargazers_viewer/components/navBar.js": {"path":"/home/forrest/Documents/code/Stargazers_viewer/components/navBar.js","statementMap":{"0":{"start":{"line":7,"column":24},"end":{"line":13,"column":1}},"1":{"start":{"line":8,"column":2},"end":{"line":12,"column":9}},"2":{"start":{"line":14,"column":17},"end":{"line":20,"column":1}},"3":{"start":{"line":15,"column":2},"end":{"line":19,"column":9}},"4":{"start":{"line":22,"column":17},"end":{"line":22,"column":46}},"5":{"start":{"line":22,"column":23},"end":{"line":22,"column":46}},"6":{"start":{"line":23,"column":23},"end":{"line":23,"column":60}},"7":{"start":{"line":23,"column":29},"end":{"line":23,"column":60}},"8":{"start":{"line":24,"column":2},"end":{"line":39,"column":3}},"9":{"start":{"line":41,"column":15},"end":{"line":46,"column":2}}},"fnMap":{"0":{"name":"(anonymous_0)","decl":{"start":{"line":7,"column":24},"end":{"line":7,"column":25}},"loc":{"start":{"line":8,"column":2},"end":{"line":12,"column":9}},"line":8},"1":{"name":"(anonymous_1)","decl":{"start":{"line":14,"column":17},"end":{"line":14,"column":18}},"loc":{"start":{"line":15,"column":2},"end":{"line":19,"column":9}},"line":15},"2":{"name":"(anonymous_2)","decl":{"start":{"line":21,"column":24},"end":{"line":21,"column":25}},"loc":{"start":{"line":21,"column":77},"end":{"line":40,"column":1}},"line":21},"3":{"name":"(anonymous_3)","decl":{"start":{"line":22,"column":17},"end":{"line":22,"column":18}},"loc":{"start":{"line":22,"column":23},"end":{"line":22,"column":46}},"line":22},"4":{"name":"(anonymous_4)","decl":{"start":{"line":23,"column":23},"end":{"line":23,"column":24}},"loc":{"start":{"line":23,"column":29},"end":{"line":23,"column":60}},"line":23}},"branchMap":{"0":{"loc":{"start":{"line":21,"column":48},"end":{"line":21,"column":70}},"type":"default-arg","locations":[{"start":{"line":21,"column":66},"end":{"line":21,"column":70}}],"line":21},"1":{"loc":{"start":{"line":33,"column":7},"end":{"line":37,"column":7}},"type":"cond-expr","locations":[{"start":{"line":34,"column":8},"end":{"line":34,"column":76}},{"start":{"line":36,"column":8},"end":{"line":36,"column":55}}],"line":33}},"s":{"0":5,"1":9,"2":5,"3":6,"4":9,"5":0,"6":9,"7":0,"8":9,"9":5},"f":{"0":9,"1":6,"2":9,"3":0,"4":0},"b":{"0":[6],"1":[6,3]},"_coverageSchema":"1a1c01bbd47fc00a2c39e90264f33305004495a9","hash":"86562e92a141d3f5916bf7e672f2909d7307b375"}
,"/home/forrest/Documents/code/Stargazers_viewer/pages/Gazers.js": {"path":"/home/forrest/Documents/code/Stargazers_viewer/pages/Gazers.js","statementMap":{"0":{"start":{"line":7,"column":21},"end":{"line":9,"column":1}},"1":{"start":{"line":8,"column":2},"end":{"line":8,"column":59}},"2":{"start":{"line":14,"column":2},"end":{"line":37,"column":3}},"3":{"start":{"line":34,"column":32},"end":{"line":34,"column":39}}},"fnMap":{"0":{"name":"(anonymous_0)","decl":{"start":{"line":7,"column":21},"end":{"line":7,"column":22}},"loc":{"start":{"line":8,"column":2},"end":{"line":8,"column":59}},"line":8},"1":{"name":"(anonymous_1)","decl":{"start":{"line":11,"column":24},"end":{"line":11,"column":25}},"loc":{"start":{"line":11,"column":51},"end":{"line":38,"column":1}},"line":11},"2":{"name":"(anonymous_2)","decl":{"start":{"line":34,"column":22},"end":{"line":34,"column":23}},"loc":{"start":{"line":34,"column":32},"end":{"line":34,"column":39}},"line":34}},"branchMap":{"0":{"loc":{"start":{"line":17,"column":21},"end":{"line":17,"column":49}},"type":"binary-expr","locations":[{"start":{"line":17,"column":21},"end":{"line":17,"column":44}},{"start":{"line":17,"column":48},"end":{"line":17,"column":49}}],"line":17}},"s":{"0":2,"1":6,"2":2,"3":6},"f":{"0":6,"1":2,"2":6},"b":{"0":[2,2]},"_coverageSchema":"1a1c01bbd47fc00a2c39e90264f33305004495a9","hash":"59121992b96ca0c36d7a07b64b85c4cf37b08d76"}
,"/home/forrest/Documents/code/Stargazers_viewer/pages/Home.js": {"path":"/home/forrest/Documents/code/Stargazers_viewer/pages/Home.js","statementMap":{"0":{"start":{"line":19,"column":29},"end":{"line":24,"column":5}},"1":{"start":{"line":20,"column":6},"end":{"line":23,"column":13}},"2":{"start":{"line":25,"column":29},"end":{"line":30,"column":5}},"3":{"start":{"line":26,"column":6},"end":{"line":29,"column":13}},"4":{"start":{"line":33,"column":30},"end":{"line":33,"column":42}},"5":{"start":{"line":34,"column":30},"end":{"line":34,"column":42}},"6":{"start":{"line":35,"column":40},"end":{"line":35,"column":55}},"7":{"start":{"line":37,"column":42},"end":{"line":48,"column":7}},"8":{"start":{"line":38,"column":26},"end":{"line":38,"column":43}},"9":{"start":{"line":39,"column":8},"end":{"line":39,"column":26}},"10":{"start":{"line":40,"column":8},"end":{"line":47,"column":9}},"11":{"start":{"line":41,"column":22},"end":{"line":41,"column":55}},"12":{"start":{"line":42,"column":10},"end":{"line":42,"column":29}},"13":{"start":{"line":43,"column":10},"end":{"line":43,"column":76}},"14":{"start":{"line":45,"column":10},"end":{"line":45,"column":29}},"15":{"start":{"line":46,"column":10},"end":{"line":46,"column":34}},"16":{"start":{"line":51,"column":31},"end":{"line":61,"column":7}},"17":{"start":{"line":52,"column":20},"end":{"line":52,"column":42}},"18":{"start":{"line":53,"column":8},"end":{"line":60,"column":9}},"19":{"start":{"line":54,"column":10},"end":{"line":54,"column":55}},"20":{"start":{"line":56,"column":10},"end":{"line":59,"column":11}},"21":{"start":{"line":63,"column":25},"end":{"line":64,"column":59}},"22":{"start":{"line":64,"column":8},"end":{"line":64,"column":59}},"23":{"start":{"line":65,"column":25},"end":{"line":65,"column":77}},"24":{"start":{"line":65,"column":37},"end":{"line":65,"column":77}},"25":{"start":{"line":67,"column":6},"end":{"line":117,"column":7}},"26":{"start":{"line":86,"column":41},"end":{"line":86,"column":57}},"27":{"start":{"line":99,"column":41},"end":{"line":99,"column":57}},"28":{"start":{"line":120,"column":15},"end":{"line":136,"column":2}}},"fnMap":{"0":{"name":"(anonymous_0)","decl":{"start":{"line":19,"column":29},"end":{"line":19,"column":30}},"loc":{"start":{"line":20,"column":6},"end":{"line":23,"column":13}},"line":20},"1":{"name":"(anonymous_1)","decl":{"start":{"line":25,"column":29},"end":{"line":25,"column":30}},"loc":{"start":{"line":26,"column":6},"end":{"line":29,"column":13}},"line":26},"2":{"name":"(anonymous_2)","decl":{"start":{"line":32,"column":26},"end":{"line":32,"column":27}},"loc":{"start":{"line":32,"column":46},"end":{"line":118,"column":5}},"line":32},"3":{"name":"(anonymous_3)","decl":{"start":{"line":37,"column":42},"end":{"line":37,"column":43}},"loc":{"start":{"line":37,"column":54},"end":{"line":48,"column":7}},"line":37},"4":{"name":"(anonymous_4)","decl":{"start":{"line":51,"column":31},"end":{"line":51,"column":32}},"loc":{"start":{"line":51,"column":43},"end":{"line":61,"column":7}},"line":51},"5":{"name":"(anonymous_5)","decl":{"start":{"line":63,"column":25},"end":{"line":63,"column":26}},"loc":{"start":{"line":64,"column":8},"end":{"line":64,"column":59}},"line":64},"6":{"name":"(anonymous_6)","decl":{"start":{"line":65,"column":25},"end":{"line":65,"column":26}},"loc":{"start":{"line":65,"column":37},"end":{"line":65,"column":77}},"line":65},"7":{"name":"(anonymous_7)","decl":{"start":{"line":86,"column":28},"end":{"line":86,"column":29}},"loc":{"start":{"line":86,"column":41},"end":{"line":86,"column":57}},"line":86},"8":{"name":"(anonymous_8)","decl":{"start":{"line":99,"column":28},"end":{"line":99,"column":29}},"loc":{"start":{"line":99,"column":41},"end":{"line":99,"column":57}},"line":99}},"branchMap":{"0":{"loc":{"start":{"line":53,"column":8},"end":{"line":60,"column":9}},"type":"if","locations":[{"start":{"line":53,"column":8},"end":{"line":60,"column":9}},{"start":{"line":55,"column":15},"end":{"line":60,"column":9}}],"line":53},"1":{"loc":{"start":{"line":64,"column":8},"end":{"line":64,"column":59}},"type":"binary-expr","locations":[{"start":{"line":64,"column":8},"end":{"line":64,"column":18}},{"start":{"line":64,"column":23},"end":{"line":64,"column":58}}],"line":64},"2":{"loc":{"start":{"line":65,"column":37},"end":{"line":65,"column":77}},"type":"binary-expr","locations":[{"start":{"line":65,"column":37},"end":{"line":65,"column":47}},{"start":{"line":65,"column":52},"end":{"line":65,"column":76}}],"line":65},"3":{"loc":{"start":{"line":70,"column":25},"end":{"line":70,"column":53}},"type":"binary-expr","locations":[{"start":{"line":70,"column":25},"end":{"line":70,"column":48}},{"start":{"line":70,"column":52},"end":{"line":70,"column":53}}],"line":70}},"s":{"0":2,"1":8,"2":2,"3":8,"4":9,"5":9,"6":9,"7":9,"8":1,"9":1,"10":1,"11":1,"12":1,"13":1,"14":1,"15":1,"16":9,"17":2,"18":2,"19":0,"20":1,"21":9,"22":1,"23":9,"24":2,"25":9,"26":1,"27":1,"28":2},"f":{"0":8,"1":8,"2":9,"3":1,"4":2,"5":1,"6":2,"7":1,"8":1},"b":{"0":[0,1],"1":[1,1],"2":[2,2],"3":[9,9]},"_coverageSchema":"1a1c01bbd47fc00a2c39e90264f33305004495a9","hash":"7c49ae2007be37a6fa35a6c194f36fb7f41c6c0d"}
,"/home/forrest/Documents/code/Stargazers_viewer/pages/Recents.js": {"path":"/home/forrest/Documents/code/Stargazers_viewer/pages/Recents.js","statementMap":{"0":{"start":{"line":8,"column":21},"end":{"line":12,"column":1}},"1":{"start":{"line":9,"column":2},"end":{"line":9,"column":19}},"2":{"start":{"line":10,"column":21},"end":{"line":10,"column":50}},"3":{"start":{"line":11,"column":2},"end":{"line":11,"column":50}},"4":{"start":{"line":13,"column":22},"end":{"line":18,"column":1}},"5":{"start":{"line":14,"column":2},"end":{"line":17,"column":9}},"6":{"start":{"line":20,"column":2},"end":{"line":20,"column":33}},"7":{"start":{"line":21,"column":2},"end":{"line":36,"column":3}},"8":{"start":{"line":32,"column":36},"end":{"line":32,"column":52}},"9":{"start":{"line":39,"column":15},"end":{"line":45,"column":2}}},"fnMap":{"0":{"name":"(anonymous_0)","decl":{"start":{"line":8,"column":21},"end":{"line":8,"column":22}},"loc":{"start":{"line":8,"column":35},"end":{"line":12,"column":1}},"line":8},"1":{"name":"(anonymous_1)","decl":{"start":{"line":13,"column":22},"end":{"line":13,"column":23}},"loc":{"start":{"line":14,"column":2},"end":{"line":17,"column":9}},"line":14},"2":{"name":"(anonymous_2)","decl":{"start":{"line":19,"column":29},"end":{"line":19,"column":30}},"loc":{"start":{"line":19,"column":56},"end":{"line":37,"column":1}},"line":19},"3":{"name":"(anonymous_3)","decl":{"start":{"line":32,"column":22},"end":{"line":32,"column":23}},"loc":{"start":{"line":32,"column":36},"end":{"line":32,"column":52}},"line":32}},"branchMap":{"0":{"loc":{"start":{"line":24,"column":21},"end":{"line":24,"column":49}},"type":"binary-expr","locations":[{"start":{"line":24,"column":21},"end":{"line":24,"column":44}},{"start":{"line":24,"column":48},"end":{"line":24,"column":49}}],"line":24}},"s":{"0":2,"1":4,"2":4,"3":4,"4":2,"5":4,"6":2,"7":2,"8":4,"9":2},"f":{"0":4,"1":4,"2":2,"3":4},"b":{"0":[2,2]},"_coverageSchema":"1a1c01bbd47fc00a2c39e90264f33305004495a9","hash":"5482a31088847e29f933dd80bd2180ba0e3ca9ed"}
,"/home/forrest/Documents/code/Stargazers_viewer/pages/Settings.js": {"path":"/home/forrest/Documents/code/Stargazers_viewer/pages/Settings.js","statementMap":{"0":{"start":{"line":8,"column":24},"end":{"line":13,"column":1}},"1":{"start":{"line":9,"column":2},"end":{"line":12,"column":9}},"2":{"start":{"line":16,"column":22},"end":{"line":19,"column":3}},"3":{"start":{"line":17,"column":16},"end":{"line":17,"column":40}},"4":{"start":{"line":18,"column":4},"end":{"line":18,"column":23}},"5":{"start":{"line":20,"column":2},"end":{"line":39,"column":3}},"6":{"start":{"line":42,"column":15},"end":{"line":53,"column":2}}},"fnMap":{"0":{"name":"(anonymous_0)","decl":{"start":{"line":8,"column":24},"end":{"line":8,"column":25}},"loc":{"start":{"line":9,"column":2},"end":{"line":12,"column":9}},"line":9},"1":{"name":"(anonymous_1)","decl":{"start":{"line":15,"column":30},"end":{"line":15,"column":31}},"loc":{"start":{"line":15,"column":57},"end":{"line":40,"column":1}},"line":15},"2":{"name":"(anonymous_2)","decl":{"start":{"line":16,"column":22},"end":{"line":16,"column":23}},"loc":{"start":{"line":16,"column":34},"end":{"line":19,"column":3}},"line":16}},"branchMap":{"0":{"loc":{"start":{"line":23,"column":21},"end":{"line":23,"column":49}},"type":"binary-expr","locations":[{"start":{"line":23,"column":21},"end":{"line":23,"column":44}},{"start":{"line":23,"column":48},"end":{"line":23,"column":49}}],"line":23}},"s":{"0":2,"1":2,"2":2,"3":1,"4":1,"5":2,"6":2},"f":{"0":2,"1":2,"2":1},"b":{"0":[2,2]},"_coverageSchema":"1a1c01bbd47fc00a2c39e90264f33305004495a9","hash":"989af0bfec32b343a6ce748ed90949d6560523a2"}
,"/home/forrest/Documents/code/Stargazers_viewer/sharedLogic/apiManager.js": {"path":"/home/forrest/Documents/code/Stargazers_viewer/sharedLogic/apiManager.js","statementMap":{"0":{"start":{"line":4,"column":16},"end":{"line":4,"column":46}},"1":{"start":{"line":6,"column":25},"end":{"line":9,"column":1}},"2":{"start":{"line":7,"column":14},"end":{"line":7,"column":70}},"3":{"start":{"line":8,"column":2},"end":{"line":8,"column":12}},"4":{"start":{"line":11,"column":31},"end":{"line":30,"column":1}},"5":{"start":{"line":12,"column":2},"end":{"line":29,"column":3}},"6":{"start":{"line":13,"column":4},"end":{"line":26,"column":5}},"7":{"start":{"line":14,"column":18},"end":{"line":14,"column":45}},"8":{"start":{"line":15,"column":6},"end":{"line":15,"column":50}},"9":{"start":{"line":16,"column":6},"end":{"line":16,"column":16}},"10":{"start":{"line":18,"column":6},"end":{"line":25,"column":7}},"11":{"start":{"line":20,"column":10},"end":{"line":20,"column":65}},"12":{"start":{"line":22,"column":10},"end":{"line":22,"column":64}},"13":{"start":{"line":24,"column":10},"end":{"line":24,"column":59}},"14":{"start":{"line":28,"column":4},"end":{"line":28,"column":58}}},"fnMap":{"0":{"name":"(anonymous_0)","decl":{"start":{"line":6,"column":25},"end":{"line":6,"column":26}},"loc":{"start":{"line":6,"column":47},"end":{"line":9,"column":1}},"line":6},"1":{"name":"(anonymous_1)","decl":{"start":{"line":11,"column":31},"end":{"line":11,"column":32}},"loc":{"start":{"line":11,"column":53},"end":{"line":30,"column":1}},"line":11}},"branchMap":{"0":{"loc":{"start":{"line":12,"column":2},"end":{"line":29,"column":3}},"type":"if","locations":[{"start":{"line":12,"column":2},"end":{"line":29,"column":3}},{"start":{"line":27,"column":9},"end":{"line":29,"column":3}}],"line":12},"1":{"loc":{"start":{"line":12,"column":6},"end":{"line":12,"column":18}},"type":"binary-expr","locations":[{"start":{"line":12,"column":6},"end":{"line":12,"column":10}},{"start":{"line":12,"column":14},"end":{"line":12,"column":18}}],"line":12},"2":{"loc":{"start":{"line":18,"column":6},"end":{"line":25,"column":7}},"type":"switch","locations":[{"start":{"line":19,"column":8},"end":{"line":20,"column":65}},{"start":{"line":21,"column":8},"end":{"line":22,"column":64}},{"start":{"line":23,"column":8},"end":{"line":24,"column":59}}],"line":18}},"s":{"0":3,"1":3,"2":6,"3":2,"4":3,"5":5,"6":4,"7":4,"8":1,"9":1,"10":3,"11":1,"12":1,"13":1,"14":1},"f":{"0":6,"1":5},"b":{"0":[4,1],"1":[5,4],"2":[1,1,1]},"_coverageSchema":"1a1c01bbd47fc00a2c39e90264f33305004495a9","hash":"aff9ff63910fbd2774dc2743022b281c684a5142"}
,"/home/forrest/Documents/code/Stargazers_viewer/sharedLogic/asyncStorageManager.js": {"path":"/home/forrest/Documents/code/Stargazers_viewer/sharedLogic/asyncStorageManager.js","statementMap":{"0":{"start":{"line":3,"column":35},"end":{"line":19,"column":1}},"1":{"start":{"line":4,"column":2},"end":{"line":18,"column":3}},"2":{"start":{"line":5,"column":23},"end":{"line":5,"column":47}},"3":{"start":{"line":6,"column":24},"end":{"line":6,"column":46}},"4":{"start":{"line":7,"column":4},"end":{"line":14,"column":5}},"5":{"start":{"line":8,"column":6},"end":{"line":8,"column":37}},"6":{"start":{"line":9,"column":26},"end":{"line":9,"column":53}},"7":{"start":{"line":10,"column":6},"end":{"line":10,"column":60}},"8":{"start":{"line":11,"column":6},"end":{"line":11,"column":17}},"9":{"start":{"line":13,"column":6},"end":{"line":13,"column":18}},"10":{"start":{"line":16,"column":4},"end":{"line":16,"column":18}},"11":{"start":{"line":17,"column":4},"end":{"line":17,"column":16}},"12":{"start":{"line":21,"column":30},"end":{"line":32,"column":1}},"13":{"start":{"line":22,"column":2},"end":{"line":31,"column":3}},"14":{"start":{"line":23,"column":24},"end":{"line":23,"column":65}},"15":{"start":{"line":24,"column":4},"end":{"line":28,"column":5}},"16":{"start":{"line":25,"column":6},"end":{"line":25,"column":36}},"17":{"start":{"line":27,"column":6},"end":{"line":27,"column":15}},"18":{"start":{"line":30,"column":4},"end":{"line":30,"column":18}},"19":{"start":{"line":33,"column":32},"end":{"line":43,"column":1}},"20":{"start":{"line":34,"column":21},"end":{"line":34,"column":56}},"21":{"start":{"line":35,"column":18},"end":{"line":35,"column":76}},"22":{"start":{"line":37,"column":2},"end":{"line":42,"column":3}},"23":{"start":{"line":38,"column":14},"end":{"line":38,"column":58}},"24":{"start":{"line":39,"column":4},"end":{"line":39,"column":21}},"25":{"start":{"line":41,"column":4},"end":{"line":41,"column":18}}},"fnMap":{"0":{"name":"(anonymous_0)","decl":{"start":{"line":3,"column":35},"end":{"line":3,"column":36}},"loc":{"start":{"line":3,"column":57},"end":{"line":19,"column":1}},"line":3},"1":{"name":"(anonymous_1)","decl":{"start":{"line":21,"column":30},"end":{"line":21,"column":31}},"loc":{"start":{"line":21,"column":42},"end":{"line":32,"column":1}},"line":21},"2":{"name":"(anonymous_2)","decl":{"start":{"line":33,"column":32},"end":{"line":33,"column":33}},"loc":{"start":{"line":33,"column":44},"end":{"line":43,"column":1}},"line":33}},"branchMap":{"0":{"loc":{"start":{"line":7,"column":4},"end":{"line":14,"column":5}},"type":"if","locations":[{"start":{"line":7,"column":4},"end":{"line":14,"column":5}},{"start":{"line":12,"column":11},"end":{"line":14,"column":5}}],"line":7},"1":{"loc":{"start":{"line":24,"column":4},"end":{"line":28,"column":5}},"type":"if","locations":[{"start":{"line":24,"column":4},"end":{"line":28,"column":5}},{"start":{"line":26,"column":11},"end":{"line":28,"column":5}}],"line":24}},"s":{"0":3,"1":5,"2":5,"3":5,"4":5,"5":3,"6":3,"7":3,"8":3,"9":2,"10":0,"11":0,"12":3,"13":6,"14":6,"15":6,"16":3,"17":3,"18":0,"19":3,"20":1,"21":1,"22":1,"23":1,"24":1,"25":0},"f":{"0":5,"1":6,"2":1},"b":{"0":[3,2],"1":[3,3]},"_coverageSchema":"1a1c01bbd47fc00a2c39e90264f33305004495a9","hash":"ea09e71e52ba2334b4680dc04b287fc1cbd8d029"}
}
