{"/home/forrest/Documents/code/Stargazers_viewer/App.js": {"path":"/home/forrest/Documents/code/Stargazers_viewer/App.js","statementMap":{"0":{"start":{"line":8,"column":14},"end":{"line":8,"column":42}},"1":{"start":{"line":11,"column":2},"end":{"line":44,"column":3}}},"fnMap":{"0":{"name":"App","decl":{"start":{"line":10,"column":24},"end":{"line":10,"column":27}},"loc":{"start":{"line":10,"column":30},"end":{"line":45,"column":1}},"line":10}},"branchMap":{},"s":{"0":1,"1":0},"f":{"0":0},"b":{},"_coverageSchema":"1a1c01bbd47fc00a2c39e90264f33305004495a9","hash":"603605751485ab8145419ee532b997f8eb3a6d93"}
,"/home/forrest/Documents/code/Stargazers_viewer/components/AnimatedButton.js": {"path":"/home/forrest/Documents/code/Stargazers_viewer/components/AnimatedButton.js","statementMap":{"0":{"start":{"line":10,"column":20},"end":{"line":10,"column":41}},"1":{"start":{"line":11,"column":21},"end":{"line":11,"column":27}},"2":{"start":{"line":12,"column":22},"end":{"line":12,"column":31}},"3":{"start":{"line":13,"column":26},"end":{"line":13,"column":76}},"4":{"start":{"line":16,"column":20},"end":{"line":22,"column":3}},"5":{"start":{"line":17,"column":4},"end":{"line":21,"column":14}},"6":{"start":{"line":23,"column":21},"end":{"line":29,"column":3}},"7":{"start":{"line":24,"column":4},"end":{"line":28,"column":14}},"8":{"start":{"line":30,"column":18},"end":{"line":38,"column":3}},"9":{"start":{"line":31,"column":4},"end":{"line":36,"column":14}},"10":{"start":{"line":37,"column":4},"end":{"line":37,"column":19}},"11":{"start":{"line":39,"column":2},"end":{"line":51,"column":3}}},"fnMap":{"0":{"name":"(anonymous_0)","decl":{"start":{"line":5,"column":32},"end":{"line":5,"column":33}},"loc":{"start":{"line":9,"column":6},"end":{"line":52,"column":1}},"line":9},"1":{"name":"(anonymous_1)","decl":{"start":{"line":16,"column":20},"end":{"line":16,"column":21}},"loc":{"start":{"line":16,"column":26},"end":{"line":22,"column":3}},"line":16},"2":{"name":"(anonymous_2)","decl":{"start":{"line":23,"column":21},"end":{"line":23,"column":22}},"loc":{"start":{"line":23,"column":27},"end":{"line":29,"column":3}},"line":23},"3":{"name":"(anonymous_3)","decl":{"start":{"line":30,"column":18},"end":{"line":30,"column":19}},"loc":{"start":{"line":30,"column":24},"end":{"line":38,"column":3}},"line":30}},"branchMap":{"0":{"loc":{"start":{"line":8,"column":2},"end":{"line":8,"column":16}},"type":"default-arg","locations":[{"start":{"line":8,"column":10},"end":{"line":8,"column":16}}],"line":8}},"s":{"0":51,"1":51,"2":51,"3":51,"4":51,"5":0,"6":51,"7":0,"8":51,"9":5,"10":5,"11":51},"f":{"0":51,"1":0,"2":0,"3":5},"b":{"0":[33]},"_coverageSchema":"1a1c01bbd47fc00a2c39e90264f33305004495a9","hash":"511492ad3ac580901db82ac77e8e59d9a0312119"}
,"/home/forrest/Documents/code/Stargazers_viewer/components/GazerCard.js": {"path":"/home/forrest/Documents/code/Stargazers_viewer/components/GazerCard.js","statementMap":{"0":{"start":{"line":6,"column":2},"end":{"line":11,"column":3}},"1":{"start":{"line":13,"column":15},"end":{"line":15,"column":2}}},"fnMap":{"0":{"name":"(anonymous_0)","decl":{"start":{"line":5,"column":27},"end":{"line":5,"column":28}},"loc":{"start":{"line":5,"column":50},"end":{"line":12,"column":1}},"line":5}},"branchMap":{},"s":{"0":8,"1":3},"f":{"0":8},"b":{},"_coverageSchema":"1a1c01bbd47fc00a2c39e90264f33305004495a9","hash":"c4616a959b050d1dac295a5d0bcd8400b3ce22a6"}
,"/home/forrest/Documents/code/Stargazers_viewer/components/NavBar.js": {"path":"/home/forrest/Documents/code/Stargazers_viewer/components/NavBar.js","statementMap":{"0":{"start":{"line":8,"column":20},"end":{"line":8,"column":58}},"1":{"start":{"line":9,"column":24},"end":{"line":13,"column":1}},"2":{"start":{"line":10,"column":2},"end":{"line":12,"column":9}},"3":{"start":{"line":14,"column":17},"end":{"line":18,"column":1}},"4":{"start":{"line":15,"column":2},"end":{"line":17,"column":9}},"5":{"start":{"line":20,"column":17},"end":{"line":20,"column":46}},"6":{"start":{"line":20,"column":23},"end":{"line":20,"column":46}},"7":{"start":{"line":21,"column":23},"end":{"line":21,"column":60}},"8":{"start":{"line":21,"column":29},"end":{"line":21,"column":60}},"9":{"start":{"line":22,"column":2},"end":{"line":38,"column":3}},"10":{"start":{"line":40,"column":15},"end":{"line":46,"column":2}}},"fnMap":{"0":{"name":"(anonymous_0)","decl":{"start":{"line":9,"column":24},"end":{"line":9,"column":25}},"loc":{"start":{"line":10,"column":2},"end":{"line":12,"column":9}},"line":10},"1":{"name":"(anonymous_1)","decl":{"start":{"line":14,"column":17},"end":{"line":14,"column":18}},"loc":{"start":{"line":15,"column":2},"end":{"line":17,"column":9}},"line":15},"2":{"name":"(anonymous_2)","decl":{"start":{"line":19,"column":24},"end":{"line":19,"column":25}},"loc":{"start":{"line":19,"column":77},"end":{"line":39,"column":1}},"line":19},"3":{"name":"(anonymous_3)","decl":{"start":{"line":20,"column":17},"end":{"line":20,"column":18}},"loc":{"start":{"line":20,"column":23},"end":{"line":20,"column":46}},"line":20},"4":{"name":"(anonymous_4)","decl":{"start":{"line":21,"column":23},"end":{"line":21,"column":24}},"loc":{"start":{"line":21,"column":29},"end":{"line":21,"column":60}},"line":21}},"branchMap":{"0":{"loc":{"start":{"line":19,"column":48},"end":{"line":19,"column":70}},"type":"default-arg","locations":[{"start":{"line":19,"column":66},"end":{"line":19,"column":70}}],"line":19},"1":{"loc":{"start":{"line":31,"column":7},"end":{"line":36,"column":7}},"type":"cond-expr","locations":[{"start":{"line":32,"column":8},"end":{"line":32,"column":76}},{"start":{"line":35,"column":8},"end":{"line":35,"column":52}}],"line":31}},"s":{"0":5,"1":5,"2":12,"3":5,"4":9,"5":12,"6":0,"7":12,"8":0,"9":12,"10":5},"f":{"0":12,"1":9,"2":12,"3":0,"4":0},"b":{"0":[9],"1":[9,3]},"_coverageSchema":"1a1c01bbd47fc00a2c39e90264f33305004495a9","hash":"8dda7eb515b24f07c0be7bea8f80360d4d304667"}
,"/home/forrest/Documents/code/Stargazers_viewer/components/NoGazers.js": {"path":"/home/forrest/Documents/code/Stargazers_viewer/components/NoGazers.js","statementMap":{"0":{"start":{"line":6,"column":2},"end":{"line":9,"column":9}},"1":{"start":{"line":11,"column":15},"end":{"line":27,"column":2}}},"fnMap":{"0":{"name":"(anonymous_0)","decl":{"start":{"line":5,"column":26},"end":{"line":5,"column":27}},"loc":{"start":{"line":6,"column":2},"end":{"line":9,"column":9}},"line":6}},"branchMap":{},"s":{"0":1,"1":3},"f":{"0":1},"b":{},"_coverageSchema":"1a1c01bbd47fc00a2c39e90264f33305004495a9","hash":"6f55746741e2f711379f2689bfbd5ac8b58c9dec"}
,"/home/forrest/Documents/code/Stargazers_viewer/components/RecentsCard.js": {"path":"/home/forrest/Documents/code/Stargazers_viewer/components/RecentsCard.js","statementMap":{"0":{"start":{"line":6,"column":2},"end":{"line":9,"column":9}},"1":{"start":{"line":12,"column":15},"end":{"line":18,"column":2}}},"fnMap":{"0":{"name":"(anonymous_0)","decl":{"start":{"line":5,"column":31},"end":{"line":5,"column":32}},"loc":{"start":{"line":6,"column":2},"end":{"line":9,"column":9}},"line":6}},"branchMap":{},"s":{"0":12,"1":3},"f":{"0":12},"b":{},"_coverageSchema":"1a1c01bbd47fc00a2c39e90264f33305004495a9","hash":"a3163299d8d524af776cac7cab1aa02d7d43213c"}
,"/home/forrest/Documents/code/Stargazers_viewer/pages/Gazers.js": {"path":"/home/forrest/Documents/code/Stargazers_viewer/pages/Gazers.js","statementMap":{"0":{"start":{"line":10,"column":21},"end":{"line":12,"column":1}},"1":{"start":{"line":11,"column":2},"end":{"line":11,"column":59}},"2":{"start":{"line":15,"column":28},"end":{"line":15,"column":55}},"3":{"start":{"line":16,"column":25},"end":{"line":23,"column":3}},"4":{"start":{"line":17,"column":4},"end":{"line":22,"column":6}},"5":{"start":{"line":21,"column":30},"end":{"line":21,"column":37}},"6":{"start":{"line":24,"column":2},"end":{"line":34,"column":3}}},"fnMap":{"0":{"name":"(anonymous_0)","decl":{"start":{"line":10,"column":21},"end":{"line":10,"column":22}},"loc":{"start":{"line":11,"column":2},"end":{"line":11,"column":59}},"line":11},"1":{"name":"(anonymous_1)","decl":{"start":{"line":14,"column":24},"end":{"line":14,"column":25}},"loc":{"start":{"line":14,"column":51},"end":{"line":35,"column":1}},"line":14},"2":{"name":"(anonymous_2)","decl":{"start":{"line":16,"column":25},"end":{"line":16,"column":26}},"loc":{"start":{"line":17,"column":4},"end":{"line":22,"column":6}},"line":17},"3":{"name":"(anonymous_3)","decl":{"start":{"line":21,"column":20},"end":{"line":21,"column":21}},"loc":{"start":{"line":21,"column":30},"end":{"line":21,"column":37}},"line":21}},"branchMap":{"0":{"loc":{"start":{"line":27,"column":21},"end":{"line":27,"column":49}},"type":"binary-expr","locations":[{"start":{"line":27,"column":21},"end":{"line":27,"column":44}},{"start":{"line":27,"column":48},"end":{"line":27,"column":49}}],"line":27},"1":{"loc":{"start":{"line":31,"column":7},"end":{"line":31,"column":55}},"type":"cond-expr","locations":[{"start":{"line":31,"column":22},"end":{"line":31,"column":40}},{"start":{"line":31,"column":43},"end":{"line":31,"column":55}}],"line":31}},"s":{"0":2,"1":6,"2":2,"3":2,"4":2,"5":6,"6":2},"f":{"0":6,"1":2,"2":2,"3":6},"b":{"0":[2,2],"1":[2,0]},"_coverageSchema":"1a1c01bbd47fc00a2c39e90264f33305004495a9","hash":"067555ddf7d47c4eb5ba80dbe76f337cd8642977"}
,"/home/forrest/Documents/code/Stargazers_viewer/pages/Home.js": {"path":"/home/forrest/Documents/code/Stargazers_viewer/pages/Home.js","statementMap":{"0":{"start":{"line":17,"column":25},"end":{"line":22,"column":1}},"1":{"start":{"line":18,"column":2},"end":{"line":21,"column":9}},"2":{"start":{"line":23,"column":25},"end":{"line":28,"column":1}},"3":{"start":{"line":24,"column":2},"end":{"line":27,"column":9}},"4":{"start":{"line":31,"column":26},"end":{"line":31,"column":38}},"5":{"start":{"line":32,"column":26},"end":{"line":32,"column":38}},"6":{"start":{"line":33,"column":36},"end":{"line":33,"column":51}},"7":{"start":{"line":35,"column":38},"end":{"line":46,"column":3}},"8":{"start":{"line":36,"column":22},"end":{"line":36,"column":39}},"9":{"start":{"line":37,"column":4},"end":{"line":37,"column":22}},"10":{"start":{"line":38,"column":4},"end":{"line":45,"column":5}},"11":{"start":{"line":39,"column":18},"end":{"line":39,"column":51}},"12":{"start":{"line":40,"column":6},"end":{"line":40,"column":25}},"13":{"start":{"line":41,"column":6},"end":{"line":41,"column":72}},"14":{"start":{"line":43,"column":6},"end":{"line":43,"column":25}},"15":{"start":{"line":44,"column":6},"end":{"line":44,"column":30}},"16":{"start":{"line":48,"column":27},"end":{"line":58,"column":3}},"17":{"start":{"line":49,"column":16},"end":{"line":49,"column":38}},"18":{"start":{"line":50,"column":4},"end":{"line":57,"column":5}},"19":{"start":{"line":51,"column":6},"end":{"line":51,"column":51}},"20":{"start":{"line":53,"column":6},"end":{"line":56,"column":7}},"21":{"start":{"line":60,"column":21},"end":{"line":61,"column":55}},"22":{"start":{"line":61,"column":4},"end":{"line":61,"column":55}},"23":{"start":{"line":63,"column":21},"end":{"line":63,"column":73}},"24":{"start":{"line":63,"column":33},"end":{"line":63,"column":73}},"25":{"start":{"line":65,"column":28},"end":{"line":72,"column":3}},"26":{"start":{"line":73,"column":23},"end":{"line":73,"column":37}},"27":{"start":{"line":75,"column":2},"end":{"line":114,"column":3}},"28":{"start":{"line":88,"column":37},"end":{"line":88,"column":53}},"29":{"start":{"line":89,"column":33},"end":{"line":89,"column":61}},"30":{"start":{"line":95,"column":37},"end":{"line":95,"column":53}},"31":{"start":{"line":117,"column":15},"end":{"line":134,"column":2}}},"fnMap":{"0":{"name":"(anonymous_0)","decl":{"start":{"line":17,"column":25},"end":{"line":17,"column":26}},"loc":{"start":{"line":18,"column":2},"end":{"line":21,"column":9}},"line":18},"1":{"name":"(anonymous_1)","decl":{"start":{"line":23,"column":25},"end":{"line":23,"column":26}},"loc":{"start":{"line":24,"column":2},"end":{"line":27,"column":9}},"line":24},"2":{"name":"(anonymous_2)","decl":{"start":{"line":30,"column":22},"end":{"line":30,"column":23}},"loc":{"start":{"line":30,"column":42},"end":{"line":115,"column":1}},"line":30},"3":{"name":"(anonymous_3)","decl":{"start":{"line":35,"column":38},"end":{"line":35,"column":39}},"loc":{"start":{"line":35,"column":50},"end":{"line":46,"column":3}},"line":35},"4":{"name":"(anonymous_4)","decl":{"start":{"line":48,"column":27},"end":{"line":48,"column":28}},"loc":{"start":{"line":48,"column":39},"end":{"line":58,"column":3}},"line":48},"5":{"name":"(anonymous_5)","decl":{"start":{"line":60,"column":21},"end":{"line":60,"column":22}},"loc":{"start":{"line":61,"column":4},"end":{"line":61,"column":55}},"line":61},"6":{"name":"(anonymous_6)","decl":{"start":{"line":63,"column":21},"end":{"line":63,"column":22}},"loc":{"start":{"line":63,"column":33},"end":{"line":63,"column":73}},"line":63},"7":{"name":"(anonymous_7)","decl":{"start":{"line":88,"column":24},"end":{"line":88,"column":25}},"loc":{"start":{"line":88,"column":37},"end":{"line":88,"column":53}},"line":88},"8":{"name":"(anonymous_8)","decl":{"start":{"line":89,"column":27},"end":{"line":89,"column":28}},"loc":{"start":{"line":89,"column":33},"end":{"line":89,"column":61}},"line":89},"9":{"name":"(anonymous_9)","decl":{"start":{"line":95,"column":24},"end":{"line":95,"column":25}},"loc":{"start":{"line":95,"column":37},"end":{"line":95,"column":53}},"line":95}},"branchMap":{"0":{"loc":{"start":{"line":50,"column":4},"end":{"line":57,"column":5}},"type":"if","locations":[{"start":{"line":50,"column":4},"end":{"line":57,"column":5}},{"start":{"line":52,"column":11},"end":{"line":57,"column":5}}],"line":50},"1":{"loc":{"start":{"line":61,"column":4},"end":{"line":61,"column":55}},"type":"binary-expr","locations":[{"start":{"line":61,"column":4},"end":{"line":61,"column":14}},{"start":{"line":61,"column":19},"end":{"line":61,"column":54}}],"line":61},"2":{"loc":{"start":{"line":63,"column":33},"end":{"line":63,"column":73}},"type":"binary-expr","locations":[{"start":{"line":63,"column":33},"end":{"line":63,"column":43}},{"start":{"line":63,"column":48},"end":{"line":63,"column":72}}],"line":63},"3":{"loc":{"start":{"line":78,"column":21},"end":{"line":78,"column":49}},"type":"binary-expr","locations":[{"start":{"line":78,"column":21},"end":{"line":78,"column":44}},{"start":{"line":78,"column":48},"end":{"line":78,"column":49}}],"line":78}},"s":{"0":2,"1":8,"2":2,"3":8,"4":9,"5":9,"6":9,"7":9,"8":1,"9":1,"10":1,"11":1,"12":1,"13":1,"14":1,"15":1,"16":9,"17":2,"18":2,"19":0,"20":1,"21":9,"22":1,"23":9,"24":2,"25":9,"26":9,"27":9,"28":1,"29":0,"30":1,"31":2},"f":{"0":8,"1":8,"2":9,"3":1,"4":2,"5":1,"6":2,"7":1,"8":0,"9":1},"b":{"0":[0,1],"1":[1,1],"2":[2,2],"3":[9,9]},"_coverageSchema":"1a1c01bbd47fc00a2c39e90264f33305004495a9","hash":"148efa9bd4a9dcfd44ddc3484b0ffd1d91ebdb27"}
,"/home/forrest/Documents/code/Stargazers_viewer/pages/Recents.js": {"path":"/home/forrest/Documents/code/Stargazers_viewer/pages/Recents.js","statementMap":{"0":{"start":{"line":12,"column":36},"end":{"line":12,"column":51}},"1":{"start":{"line":13,"column":16},"end":{"line":13,"column":34}},"2":{"start":{"line":15,"column":27},"end":{"line":26,"column":3}},"3":{"start":{"line":16,"column":21},"end":{"line":16,"column":42}},"4":{"start":{"line":17,"column":4},"end":{"line":17,"column":22}},"5":{"start":{"line":18,"column":4},"end":{"line":25,"column":5}},"6":{"start":{"line":19,"column":18},"end":{"line":19,"column":46}},"7":{"start":{"line":20,"column":6},"end":{"line":20,"column":25}},"8":{"start":{"line":21,"column":6},"end":{"line":21,"column":73}},"9":{"start":{"line":23,"column":6},"end":{"line":23,"column":25}},"10":{"start":{"line":24,"column":6},"end":{"line":24,"column":27}},"11":{"start":{"line":28,"column":23},"end":{"line":32,"column":3}},"12":{"start":{"line":29,"column":20},"end":{"line":29,"column":62}},"13":{"start":{"line":29,"column":26},"end":{"line":29,"column":62}},"14":{"start":{"line":30,"column":23},"end":{"line":30,"column":50}},"15":{"start":{"line":31,"column":4},"end":{"line":31,"column":76}},"16":{"start":{"line":34,"column":2},"end":{"line":49,"column":3}},"17":{"start":{"line":45,"column":39},"end":{"line":45,"column":55}}},"fnMap":{"0":{"name":"(anonymous_0)","decl":{"start":{"line":11,"column":29},"end":{"line":11,"column":30}},"loc":{"start":{"line":11,"column":56},"end":{"line":50,"column":1}},"line":11},"1":{"name":"(anonymous_1)","decl":{"start":{"line":15,"column":27},"end":{"line":15,"column":28}},"loc":{"start":{"line":15,"column":49},"end":{"line":26,"column":3}},"line":15},"2":{"name":"(anonymous_2)","decl":{"start":{"line":28,"column":23},"end":{"line":28,"column":24}},"loc":{"start":{"line":28,"column":37},"end":{"line":32,"column":3}},"line":28},"3":{"name":"(anonymous_3)","decl":{"start":{"line":29,"column":20},"end":{"line":29,"column":21}},"loc":{"start":{"line":29,"column":26},"end":{"line":29,"column":62}},"line":29},"4":{"name":"(anonymous_4)","decl":{"start":{"line":45,"column":22},"end":{"line":45,"column":23}},"loc":{"start":{"line":45,"column":39},"end":{"line":45,"column":55}},"line":45}},"branchMap":{"0":{"loc":{"start":{"line":29,"column":26},"end":{"line":29,"column":62}},"type":"binary-expr","locations":[{"start":{"line":29,"column":26},"end":{"line":29,"column":36}},{"start":{"line":29,"column":40},"end":{"line":29,"column":62}}],"line":29},"1":{"loc":{"start":{"line":37,"column":21},"end":{"line":37,"column":49}},"type":"binary-expr","locations":[{"start":{"line":37,"column":21},"end":{"line":37,"column":44}},{"start":{"line":37,"column":48},"end":{"line":37,"column":49}}],"line":37}},"s":{"0":6,"1":6,"2":6,"3":1,"4":1,"5":1,"6":1,"7":1,"8":1,"9":1,"10":1,"11":6,"12":10,"13":1,"14":10,"15":10,"16":6,"17":10},"f":{"0":6,"1":1,"2":10,"3":1,"4":10},"b":{"0":[1,1],"1":[6,6]},"_coverageSchema":"1a1c01bbd47fc00a2c39e90264f33305004495a9","hash":"e3a30a36f398dc4dde1f800c191559dce7d0db82"}
,"/home/forrest/Documents/code/Stargazers_viewer/pages/Settings.js": {"path":"/home/forrest/Documents/code/Stargazers_viewer/pages/Settings.js","statementMap":{"0":{"start":{"line":9,"column":24},"end":{"line":14,"column":1}},"1":{"start":{"line":10,"column":2},"end":{"line":13,"column":9}},"2":{"start":{"line":17,"column":22},"end":{"line":20,"column":3}},"3":{"start":{"line":18,"column":16},"end":{"line":18,"column":40}},"4":{"start":{"line":19,"column":4},"end":{"line":19,"column":23}},"5":{"start":{"line":21,"column":2},"end":{"line":40,"column":3}},"6":{"start":{"line":43,"column":15},"end":{"line":58,"column":2}}},"fnMap":{"0":{"name":"(anonymous_0)","decl":{"start":{"line":9,"column":24},"end":{"line":9,"column":25}},"loc":{"start":{"line":10,"column":2},"end":{"line":13,"column":9}},"line":10},"1":{"name":"(anonymous_1)","decl":{"start":{"line":16,"column":30},"end":{"line":16,"column":31}},"loc":{"start":{"line":16,"column":57},"end":{"line":41,"column":1}},"line":16},"2":{"name":"(anonymous_2)","decl":{"start":{"line":17,"column":22},"end":{"line":17,"column":23}},"loc":{"start":{"line":17,"column":34},"end":{"line":20,"column":3}},"line":17}},"branchMap":{"0":{"loc":{"start":{"line":24,"column":21},"end":{"line":24,"column":49}},"type":"binary-expr","locations":[{"start":{"line":24,"column":21},"end":{"line":24,"column":44}},{"start":{"line":24,"column":48},"end":{"line":24,"column":49}}],"line":24}},"s":{"0":2,"1":2,"2":2,"3":1,"4":1,"5":2,"6":2},"f":{"0":2,"1":2,"2":1},"b":{"0":[2,2]},"_coverageSchema":"1a1c01bbd47fc00a2c39e90264f33305004495a9","hash":"974f0798fefff5d7a51c19989355532b15f1df82"}
,"/home/forrest/Documents/code/Stargazers_viewer/sharedLogic/apiManager.js": {"path":"/home/forrest/Documents/code/Stargazers_viewer/sharedLogic/apiManager.js","statementMap":{"0":{"start":{"line":4,"column":16},"end":{"line":4,"column":46}},"1":{"start":{"line":6,"column":25},"end":{"line":9,"column":1}},"2":{"start":{"line":7,"column":14},"end":{"line":7,"column":70}},"3":{"start":{"line":8,"column":2},"end":{"line":8,"column":12}},"4":{"start":{"line":11,"column":31},"end":{"line":31,"column":1}},"5":{"start":{"line":12,"column":25},"end":{"line":12,"column":37}},"6":{"start":{"line":13,"column":2},"end":{"line":30,"column":3}},"7":{"start":{"line":14,"column":4},"end":{"line":27,"column":5}},"8":{"start":{"line":15,"column":18},"end":{"line":15,"column":45}},"9":{"start":{"line":16,"column":6},"end":{"line":16,"column":50}},"10":{"start":{"line":17,"column":6},"end":{"line":17,"column":16}},"11":{"start":{"line":19,"column":6},"end":{"line":26,"column":7}},"12":{"start":{"line":21,"column":10},"end":{"line":21,"column":65}},"13":{"start":{"line":23,"column":10},"end":{"line":23,"column":64}},"14":{"start":{"line":25,"column":10},"end":{"line":25,"column":59}},"15":{"start":{"line":29,"column":4},"end":{"line":29,"column":58}}},"fnMap":{"0":{"name":"(anonymous_0)","decl":{"start":{"line":6,"column":25},"end":{"line":6,"column":26}},"loc":{"start":{"line":6,"column":47},"end":{"line":9,"column":1}},"line":6},"1":{"name":"(anonymous_1)","decl":{"start":{"line":11,"column":31},"end":{"line":11,"column":32}},"loc":{"start":{"line":11,"column":53},"end":{"line":31,"column":1}},"line":11}},"branchMap":{"0":{"loc":{"start":{"line":12,"column":25},"end":{"line":12,"column":37}},"type":"binary-expr","locations":[{"start":{"line":12,"column":25},"end":{"line":12,"column":29}},{"start":{"line":12,"column":33},"end":{"line":12,"column":37}}],"line":12},"1":{"loc":{"start":{"line":13,"column":2},"end":{"line":30,"column":3}},"type":"if","locations":[{"start":{"line":13,"column":2},"end":{"line":30,"column":3}},{"start":{"line":28,"column":9},"end":{"line":30,"column":3}}],"line":13},"2":{"loc":{"start":{"line":19,"column":6},"end":{"line":26,"column":7}},"type":"switch","locations":[{"start":{"line":20,"column":8},"end":{"line":21,"column":65}},{"start":{"line":22,"column":8},"end":{"line":23,"column":64}},{"start":{"line":24,"column":8},"end":{"line":25,"column":59}}],"line":19}},"s":{"0":2,"1":2,"2":6,"3":2,"4":2,"5":5,"6":5,"7":4,"8":4,"9":1,"10":1,"11":3,"12":1,"13":1,"14":1,"15":1},"f":{"0":6,"1":5},"b":{"0":[5,4],"1":[4,1],"2":[1,1,1]},"_coverageSchema":"1a1c01bbd47fc00a2c39e90264f33305004495a9","hash":"bc2e246d7289717f4f04b309dc9fee207089beea"}
,"/home/forrest/Documents/code/Stargazers_viewer/sharedLogic/asyncStorageManager.js": {"path":"/home/forrest/Documents/code/Stargazers_viewer/sharedLogic/asyncStorageManager.js","statementMap":{"0":{"start":{"line":3,"column":35},"end":{"line":18,"column":1}},"1":{"start":{"line":4,"column":2},"end":{"line":17,"column":3}},"2":{"start":{"line":5,"column":27},"end":{"line":5,"column":51}},"3":{"start":{"line":6,"column":24},"end":{"line":6,"column":46}},"4":{"start":{"line":7,"column":4},"end":{"line":14,"column":5}},"5":{"start":{"line":8,"column":6},"end":{"line":8,"column":41}},"6":{"start":{"line":9,"column":30},"end":{"line":9,"column":57}},"7":{"start":{"line":10,"column":6},"end":{"line":10,"column":64}},"8":{"start":{"line":11,"column":6},"end":{"line":11,"column":17}},"9":{"start":{"line":13,"column":6},"end":{"line":13,"column":18}},"10":{"start":{"line":16,"column":4},"end":{"line":16,"column":16}},"11":{"start":{"line":20,"column":30},"end":{"line":32,"column":1}},"12":{"start":{"line":21,"column":18},"end":{"line":21,"column":74}},"13":{"start":{"line":22,"column":2},"end":{"line":31,"column":3}},"14":{"start":{"line":23,"column":24},"end":{"line":23,"column":65}},"15":{"start":{"line":24,"column":4},"end":{"line":28,"column":5}},"16":{"start":{"line":25,"column":6},"end":{"line":25,"column":36}},"17":{"start":{"line":27,"column":6},"end":{"line":27,"column":15}},"18":{"start":{"line":30,"column":4},"end":{"line":30,"column":18}},"19":{"start":{"line":33,"column":32},"end":{"line":43,"column":1}},"20":{"start":{"line":34,"column":21},"end":{"line":34,"column":56}},"21":{"start":{"line":35,"column":18},"end":{"line":35,"column":76}},"22":{"start":{"line":37,"column":2},"end":{"line":42,"column":3}},"23":{"start":{"line":38,"column":14},"end":{"line":38,"column":58}},"24":{"start":{"line":39,"column":4},"end":{"line":39,"column":21}},"25":{"start":{"line":41,"column":4},"end":{"line":41,"column":18}}},"fnMap":{"0":{"name":"(anonymous_0)","decl":{"start":{"line":3,"column":35},"end":{"line":3,"column":36}},"loc":{"start":{"line":3,"column":57},"end":{"line":18,"column":1}},"line":3},"1":{"name":"(anonymous_1)","decl":{"start":{"line":20,"column":30},"end":{"line":20,"column":31}},"loc":{"start":{"line":20,"column":42},"end":{"line":32,"column":1}},"line":20},"2":{"name":"(anonymous_2)","decl":{"start":{"line":33,"column":32},"end":{"line":33,"column":33}},"loc":{"start":{"line":33,"column":44},"end":{"line":43,"column":1}},"line":33}},"branchMap":{"0":{"loc":{"start":{"line":7,"column":4},"end":{"line":14,"column":5}},"type":"if","locations":[{"start":{"line":7,"column":4},"end":{"line":14,"column":5}},{"start":{"line":12,"column":11},"end":{"line":14,"column":5}}],"line":7},"1":{"loc":{"start":{"line":24,"column":4},"end":{"line":28,"column":5}},"type":"if","locations":[{"start":{"line":24,"column":4},"end":{"line":28,"column":5}},{"start":{"line":26,"column":11},"end":{"line":28,"column":5}}],"line":24}},"s":{"0":2,"1":5,"2":5,"3":5,"4":5,"5":3,"6":3,"7":3,"8":3,"9":2,"10":0,"11":2,"12":6,"13":6,"14":6,"15":6,"16":3,"17":3,"18":0,"19":2,"20":1,"21":1,"22":1,"23":1,"24":1,"25":0},"f":{"0":5,"1":6,"2":1},"b":{"0":[3,2],"1":[3,3]},"_coverageSchema":"1a1c01bbd47fc00a2c39e90264f33305004495a9","hash":"41acb308678aa320ccc3f2549dd53589aefea7e5"}
}
