TN:
SF:App.js
FN:10,App
FNF:1
FNH:0
FNDA:0,App
DA:8,1
DA:11,0
LF:2
LH:1
BRF:0
BRH:0
end_of_record
TN:
SF:components/animatedButton.js
FN:3,(anonymous_0)
FN:13,(anonymous_1)
FN:21,(anonymous_2)
FN:29,(anonymous_3)
FNF:4
FNH:2
FNDA:51,(anonymous_0)
FNDA:0,(anonymous_1)
FNDA:0,(anonymous_2)
FNDA:5,(anonymous_3)
DA:8,51
DA:9,51
DA:10,51
DA:11,51
DA:13,51
DA:14,0
DA:21,51
DA:22,0
DA:29,51
DA:30,5
DA:37,5
DA:39,51
LF:12
LH:10
BRDA:6,0,0,33
BRF:1
BRH:1
end_of_record
TN:
SF:components/cardButtonRenderer.js
FNF:0
FNH:0
LF:0
LH:0
BRF:0
BRH:0
end_of_record
TN:
SF:components/gazerCard.js
FN:3,(anonymous_0)
FNF:1
FNH:1
FNDA:8,(anonymous_0)
DA:4,8
LF:1
LH:1
BRF:0
BRH:0
end_of_record
TN:
SF:components/navBar.js
FN:7,(anonymous_0)
FN:14,(anonymous_1)
FN:21,(anonymous_2)
FN:22,(anonymous_3)
FN:23,(anonymous_4)
FNF:5
FNH:3
FNDA:12,(anonymous_0)
FNDA:9,(anonymous_1)
FNDA:12,(anonymous_2)
FNDA:0,(anonymous_3)
FNDA:0,(anonymous_4)
DA:7,5
DA:8,12
DA:14,5
DA:15,9
DA:22,12
DA:23,12
DA:24,12
DA:41,5
LF:8
LH:8
BRDA:21,0,0,9
BRDA:33,1,0,9
BRDA:33,1,1,3
BRF:3
BRH:3
end_of_record
TN:
SF:pages/Gazers.js
FN:7,(anonymous_0)
FN:11,(anonymous_1)
FN:34,(anonymous_2)
FNF:3
FNH:3
FNDA:6,(anonymous_0)
FNDA:2,(anonymous_1)
FNDA:6,(anonymous_2)
DA:7,2
DA:8,6
DA:14,2
DA:34,6
LF:4
LH:4
BRDA:17,0,0,2
BRDA:17,0,1,2
BRF:2
BRH:2
end_of_record
TN:
SF:pages/Home.js
FN:19,(anonymous_0)
FN:25,(anonymous_1)
FN:32,(anonymous_2)
FN:37,(anonymous_3)
FN:50,(anonymous_4)
FN:62,(anonymous_5)
FN:64,(anonymous_6)
FN:85,(anonymous_7)
FN:98,(anonymous_8)
FNF:9
FNH:9
FNDA:8,(anonymous_0)
FNDA:8,(anonymous_1)
FNDA:9,(anonymous_2)
FNDA:1,(anonymous_3)
FNDA:2,(anonymous_4)
FNDA:1,(anonymous_5)
FNDA:2,(anonymous_6)
FNDA:1,(anonymous_7)
FNDA:1,(anonymous_8)
DA:19,2
DA:20,8
DA:25,2
DA:26,8
DA:33,9
DA:34,9
DA:35,9
DA:37,9
DA:38,1
DA:39,1
DA:40,1
DA:41,1
DA:42,1
DA:43,1
DA:45,1
DA:46,1
DA:50,9
DA:51,2
DA:52,2
DA:53,0
DA:55,1
DA:62,9
DA:63,1
DA:64,9
DA:66,9
DA:85,1
DA:98,1
DA:119,2
LF:28
LH:27
BRDA:52,0,0,0
BRDA:52,0,1,1
BRDA:63,1,0,1
BRDA:63,1,1,1
BRDA:64,2,0,2
BRDA:64,2,1,2
BRDA:69,3,0,9
BRDA:69,3,1,9
BRF:8
BRH:7
end_of_record
TN:
SF:pages/Recents.js
FN:18,(anonymous_0)
FN:24,(anonymous_1)
FN:37,(anonymous_2)
FN:39,(anonymous_3)
FN:44,(anonymous_4)
FN:61,(anonymous_5)
FNF:6
FNH:6
FNDA:6,(anonymous_0)
FNDA:1,(anonymous_1)
FNDA:10,(anonymous_2)
FNDA:1,(anonymous_3)
FNDA:10,(anonymous_4)
FNDA:10,(anonymous_5)
DA:19,6
DA:23,6
DA:24,6
DA:25,1
DA:26,1
DA:27,1
DA:28,1
DA:29,1
DA:30,1
DA:32,1
DA:33,1
DA:37,6
DA:38,10
DA:39,10
DA:40,10
DA:41,10
DA:44,6
DA:45,10
DA:50,6
DA:61,10
DA:68,2
LF:21
LH:21
BRDA:39,0,0,1
BRDA:39,0,1,1
BRDA:53,1,0,6
BRDA:53,1,1,6
BRF:4
BRH:4
end_of_record
TN:
SF:pages/Settings.js
FN:8,(anonymous_0)
FN:15,(anonymous_1)
FN:16,(anonymous_2)
FNF:3
FNH:3
FNDA:2,(anonymous_0)
FNDA:2,(anonymous_1)
FNDA:1,(anonymous_2)
DA:8,2
DA:9,2
DA:16,2
DA:17,1
DA:18,1
DA:20,2
DA:42,2
LF:7
LH:7
BRDA:23,0,0,2
BRDA:23,0,1,2
BRF:2
BRH:2
end_of_record
TN:
SF:sharedLogic/apiManager.js
FN:6,(anonymous_0)
FN:11,(anonymous_1)
FNF:2
FNH:2
FNDA:6,(anonymous_0)
FNDA:5,(anonymous_1)
DA:4,2
DA:6,2
DA:7,6
DA:8,2
DA:11,2
DA:12,5
DA:13,4
DA:14,4
DA:15,1
DA:16,1
DA:18,3
DA:20,1
DA:22,1
DA:24,1
DA:28,1
LF:15
LH:15
BRDA:12,0,0,4
BRDA:12,0,1,1
BRDA:12,1,0,5
BRDA:12,1,1,4
BRDA:18,2,0,1
BRDA:18,2,1,1
BRDA:18,2,2,1
BRF:7
BRH:7
end_of_record
TN:
SF:sharedLogic/asyncStorageManager.js
FN:3,(anonymous_0)
FN:20,(anonymous_1)
FN:32,(anonymous_2)
FNF:3
FNH:3
FNDA:5,(anonymous_0)
FNDA:6,(anonymous_1)
FNDA:1,(anonymous_2)
DA:3,2
DA:4,5
DA:5,5
DA:6,5
DA:7,5
DA:8,3
DA:9,3
DA:10,3
DA:11,3
DA:13,2
DA:16,0
DA:20,2
DA:21,6
DA:22,6
DA:23,6
DA:24,3
DA:26,3
DA:29,0
DA:32,2
DA:33,1
DA:34,1
DA:36,1
DA:37,1
DA:38,1
DA:40,0
LF:25
LH:22
BRDA:7,0,0,3
BRDA:7,0,1,2
BRDA:23,1,0,3
BRDA:23,1,1,3
BRF:4
BRH:4
end_of_record
