TN:
SF:App.js
FN:10,App
FNF:1
FNH:0
FNDA:0,App
DA:8,1
DA:11,0
LF:2
LH:1
BRF:0
BRH:0
end_of_record
TN:
SF:components/AnimatedButton.js
FN:5,(anonymous_0)
FN:16,(anonymous_1)
FN:23,(anonymous_2)
FN:30,(anonymous_3)
FNF:4
FNH:2
FNDA:63,(anonymous_0)
FNDA:0,(anonymous_1)
FNDA:0,(anonymous_2)
FNDA:5,(anonymous_3)
DA:10,63
DA:11,63
DA:12,63
DA:13,63
DA:16,63
DA:17,0
DA:23,63
DA:24,0
DA:30,63
DA:31,5
DA:37,5
DA:39,63
LF:12
LH:10
BRDA:8,0,0,45
BRF:1
BRH:1
end_of_record
TN:
SF:components/GazerCard.js
FN:5,(anonymous_0)
FNF:1
FNH:1
FNDA:23,(anonymous_0)
DA:6,23
DA:13,3
LF:2
LH:2
BRF:0
BRH:0
end_of_record
TN:
SF:components/NavBar.js
FN:9,(anonymous_0)
FN:14,(anonymous_1)
FN:19,(anonymous_2)
FN:20,(anonymous_3)
FN:21,(anonymous_4)
FNF:5
FNH:3
FNDA:18,(anonymous_0)
FNDA:15,(anonymous_1)
FNDA:18,(anonymous_2)
FNDA:0,(anonymous_3)
FNDA:0,(anonymous_4)
DA:8,5
DA:9,5
DA:10,18
DA:14,5
DA:15,15
DA:20,18
DA:21,18
DA:22,18
DA:40,5
LF:9
LH:9
BRDA:19,0,0,15
BRDA:31,1,0,15
BRDA:31,1,1,3
BRF:3
BRH:3
end_of_record
TN:
SF:components/NoGazers.js
FN:5,(anonymous_0)
FNF:1
FNH:1
FNDA:3,(anonymous_0)
DA:6,3
DA:11,3
LF:2
LH:2
BRF:0
BRH:0
end_of_record
TN:
SF:components/RecentsCard.js
FN:5,(anonymous_0)
FNF:1
FNH:1
FNDA:12,(anonymous_0)
DA:6,12
DA:12,3
LF:2
LH:2
BRF:0
BRH:0
end_of_record
TN:
SF:pages/Gazers.js
FN:11,(anonymous_0)
FN:14,(anonymous_1)
FN:19,(anonymous_2)
FN:25,(anonymous_3)
FN:35,(anonymous_4)
FN:40,(anonymous_5)
FN:44,(anonymous_6)
FN:60,(anonymous_7)
FNF:8
FNH:6
FNDA:18,(anonymous_0)
FNDA:8,(anonymous_1)
FNDA:4,(anonymous_2)
FNDA:0,(anonymous_3)
FNDA:4,(anonymous_4)
FNDA:0,(anonymous_5)
FNDA:6,(anonymous_6)
FNDA:22,(anonymous_7)
DA:11,2
DA:12,18
DA:15,8
DA:16,8
DA:17,8
DA:19,8
DA:20,4
DA:21,4
DA:22,4
DA:23,4
DA:24,4
DA:25,0
DA:26,0
DA:28,0
DA:31,4
DA:35,8
DA:37,4
DA:40,8
DA:41,0
DA:44,8
DA:45,6
DA:47,8
DA:60,22
LF:23
LH:19
BRDA:24,0,0,0
BRDA:24,0,1,0
BRDA:37,1,0,4
BRDA:37,1,1,4
BRDA:41,2,0,0
BRDA:41,2,1,0
BRDA:45,3,0,6
BRDA:45,3,1,3
BRDA:50,4,0,8
BRDA:50,4,1,8
BRDA:54,5,0,6
BRDA:54,5,1,2
BRF:12
BRH:8
end_of_record
TN:
SF:pages/Home.js
FN:17,(anonymous_0)
FN:23,(anonymous_1)
FN:30,(anonymous_2)
FN:35,(anonymous_3)
FN:49,(anonymous_4)
FN:61,(anonymous_5)
FN:64,(anonymous_6)
FN:89,(anonymous_7)
FN:90,(anonymous_8)
FN:96,(anonymous_9)
FNF:10
FNH:9
FNDA:8,(anonymous_0)
FNDA:8,(anonymous_1)
FNDA:9,(anonymous_2)
FNDA:1,(anonymous_3)
FNDA:2,(anonymous_4)
FNDA:1,(anonymous_5)
FNDA:2,(anonymous_6)
FNDA:1,(anonymous_7)
FNDA:0,(anonymous_8)
FNDA:1,(anonymous_9)
DA:17,2
DA:18,8
DA:23,2
DA:24,8
DA:31,9
DA:32,9
DA:33,9
DA:35,9
DA:36,1
DA:37,1
DA:38,1
DA:39,1
DA:40,1
DA:41,1
DA:42,1
DA:44,1
DA:45,1
DA:49,9
DA:50,2
DA:51,2
DA:52,0
DA:54,1
DA:61,9
DA:62,1
DA:64,9
DA:66,9
DA:74,9
DA:76,9
DA:89,1
DA:90,0
DA:96,1
DA:118,2
LF:32
LH:30
BRDA:51,0,0,0
BRDA:51,0,1,1
BRDA:62,1,0,1
BRDA:62,1,1,1
BRDA:64,2,0,2
BRDA:64,2,1,2
BRDA:79,3,0,9
BRDA:79,3,1,9
BRF:8
BRH:7
end_of_record
TN:
SF:pages/Recents.js
FN:11,(anonymous_0)
FN:15,(anonymous_1)
FN:30,(anonymous_2)
FN:31,(anonymous_3)
FN:47,(anonymous_4)
FNF:5
FNH:5
FNDA:6,(anonymous_0)
FNDA:1,(anonymous_1)
FNDA:10,(anonymous_2)
FNDA:1,(anonymous_3)
FNDA:10,(anonymous_4)
DA:12,6
DA:13,6
DA:15,6
DA:16,1
DA:17,1
DA:18,1
DA:19,1
DA:20,1
DA:21,1
DA:22,1
DA:24,1
DA:25,1
DA:26,1
DA:30,6
DA:31,10
DA:32,10
DA:33,10
DA:36,6
DA:47,10
LF:19
LH:19
BRDA:31,0,0,1
BRDA:31,0,1,1
BRDA:39,1,0,6
BRDA:39,1,1,6
BRF:4
BRH:4
end_of_record
TN:
SF:pages/Settings.js
FN:9,(anonymous_0)
FN:16,(anonymous_1)
FN:17,(anonymous_2)
FNF:3
FNH:3
FNDA:2,(anonymous_0)
FNDA:2,(anonymous_1)
FNDA:1,(anonymous_2)
DA:9,2
DA:10,2
DA:17,2
DA:18,1
DA:19,1
DA:21,2
DA:43,2
LF:7
LH:7
BRDA:24,0,0,2
BRDA:24,0,1,2
BRF:2
BRH:2
end_of_record
TN:
SF:sharedLogic/apiManager.js
FN:6,(anonymous_0)
FN:11,(anonymous_1)
FN:23,(anonymous_2)
FN:38,(anonymous_3)
FNF:4
FNH:3
FNDA:6,(anonymous_0)
FNDA:0,(anonymous_1)
FNDA:5,(anonymous_2)
FNDA:3,(anonymous_3)
DA:4,2
DA:6,2
DA:7,6
DA:8,2
DA:11,2
DA:12,0
DA:13,0
DA:14,0
DA:17,0
DA:19,0
DA:23,2
DA:24,5
DA:25,5
DA:26,4
DA:27,4
DA:28,1
DA:29,1
DA:31,3
DA:34,1
DA:38,2
DA:39,3
DA:41,1
DA:43,1
DA:45,1
LF:24
LH:19
BRDA:24,0,0,5
BRDA:24,0,1,4
BRDA:25,1,0,4
BRDA:25,1,1,1
BRDA:39,2,0,1
BRDA:39,2,1,1
BRDA:39,2,2,1
BRF:7
BRH:7
end_of_record
TN:
SF:sharedLogic/asyncStorageManager.js
FN:3,(anonymous_0)
FN:20,(anonymous_1)
FN:33,(anonymous_2)
FNF:3
FNH:3
FNDA:5,(anonymous_0)
FNDA:6,(anonymous_1)
FNDA:1,(anonymous_2)
DA:3,2
DA:4,5
DA:5,5
DA:6,5
DA:7,5
DA:8,3
DA:9,3
DA:10,3
DA:11,3
DA:13,2
DA:16,0
DA:20,2
DA:21,6
DA:22,6
DA:23,6
DA:24,6
DA:25,3
DA:27,3
DA:30,0
DA:33,2
DA:34,1
DA:35,1
DA:37,1
DA:38,1
DA:39,1
DA:41,0
LF:26
LH:23
BRDA:7,0,0,3
BRDA:7,0,1,2
BRDA:24,1,0,3
BRDA:24,1,1,3
BRF:4
BRH:4
end_of_record
